#
# A fatal error has been detected by the Java Runtime Environment:
#
#  EXCEPTION_ACCESS_VIOLATION (0xc0000005) at pc=0x54495c40, pid=79320, tid=80800
#
# JRE version: Java(TM) SE Runtime Environment (7.0_45-b18) (build 1.7.0_45-b18)
# Java VM: Java HotSpot(TM) Client VM (24.45-b08 mixed mode windows-x86 )
# Problematic frame:
# V  [jvm.dll+0x35c40]
#
# Failed to write core dump. Minidumps are not enabled by default on client versions of Windows
#
# If you would like to submit a bug report, please visit:
#   http://bugreport.sun.com/bugreport/crash.jsp
#

---------------  T H R E A D  ---------------

Current thread (0x190eac00):  JavaThread "JDWP Transport Listener: dt_socket" daemon [_thread_in_vm, id=80800, stack(0x19460000,0x194b0000)]

siginfo: ExceptionCode=0xc0000005, reading address 0x00000008

Registers:
EAX=0x04e91950, EBX=0x190eac00, ECX=0x00000000, EDX=0x00000000
ESP=0x194af844, EBP=0x194af848, ESI=0x00000000, EDI=0x604be15c
EIP=0x54495c40, EFLAGS=0x00010246

Top of Stack: (sp=0x194af844)
0x194af844:   190ead30 194af870 54521206 04e91950
0x194af854:   604be15c 190ead30 604be174 190eac00
0x194af864:   00000000 190ead30 194af934 604be99c
0x194af874:   604a63b2 190ead30 04e91950 00000000
0x194af884:   194af8a8 194af934 1912dbc8 194af8e4
0x194af894:   190f6604 194af8b4 604abd27 194af8b4
0x194af8a4:   194af8e8 604be890 5fb85004 604c2c68
0x194af8b4:   02d0e598 0000000b 194a0000 00000013 

Instructions: (pc=0x54495c40)
0x54495c20:   8b 0d 18 1a 79 54 85 c9 7e 05 8b 0c 01 eb 02 33
0x54495c30:   c9 8b 15 1c 1a 79 54 85 d2 7e 05 8b 04 02 eb 03
0x54495c40:   8b 46 08 85 c0 75 0f 33 c9 50 51 e8 90 67 15 00
0x54495c50:   83 c4 08 5e 5d c3 8d 4c 4e 0c 50 51 e8 7f 67 15 


Register to memory mapping:

EAX=
[error occurred during error reporting (printing register info), id 0xc0000005]

Stack: [0x19460000,0x194b0000],  sp=0x194af844,  free space=318k
Native frames: (J=compiled Java code, j=interpreted, Vv=VM code, C=native code)
V  [jvm.dll+0x35c40]
V  [jvm.dll+0xc1206]


---------------  P R O C E S S  ---------------

Java Threads: ( => current thread )
  0x19100000 JavaThread "Service Thread" daemon [_thread_blocked, id=77868, stack(0x196a0000,0x196f0000)]
  0x190ff000 JavaThread "C1 CompilerThread0" daemon [_thread_blocked, id=71776, stack(0x19610000,0x19660000)]
  0x190f0c00 JavaThread "JDWP Command Reader" daemon [_thread_in_native, id=78500, stack(0x19580000,0x195d0000)]
  0x190ed800 JavaThread "JDWP Event Helper Thread" daemon [_thread_blocked, id=77560, stack(0x194f0000,0x19540000)]
=>0x190eac00 JavaThread "JDWP Transport Listener: dt_socket" daemon [_thread_in_vm, id=80800, stack(0x19460000,0x194b0000)]
  0x190de000 JavaThread "Attach Listener" daemon [_thread_blocked, id=69404, stack(0x19370000,0x193c0000)]
  0x190dbc00 JavaThread "Signal Dispatcher" daemon [_thread_blocked, id=79960, stack(0x192e0000,0x19330000)]
  0x02d19400 JavaThread "Finalizer" daemon [_thread_blocked, id=74396, stack(0x19050000,0x190a0000)]
  0x02d13000 JavaThread "Reference Handler" daemon [_thread_blocked, id=65732, stack(0x18fc0000,0x19010000)]
  0x02d5c400 JavaThread "main" [_thread_blocked, id=78172, stack(0x02bd0000,0x02c20000)]

Other Threads:
  0x02d11400 VMThread [stack: 0x18f30000,0x18f80000] [id=79856]
  0x19109800 WatcherThread [stack: 0x19730000,0x19780000] [id=66252]

VM state:not at safepoint (normal execution)

VM Mutex/Monitor currently owned by a thread: None

Heap
 def new generation   total 4928K, used 748K [0x04de0000, 0x05330000, 0x0a330000)
  eden space 4416K,  16% used [0x04de0000, 0x04e9b0e8, 0x05230000)
  from space 512K,   0% used [0x05230000, 0x05230000, 0x052b0000)
  to   space 512K,   0% used [0x052b0000, 0x052b0000, 0x05330000)
 tenured generation   total 10944K, used 0K [0x0a330000, 0x0ade0000, 0x14de0000)
   the space 10944K,   0% used [0x0a330000, 0x0a330000, 0x0a330200, 0x0ade0000)
 compacting perm gen  total 12288K, used 1649K [0x14de0000, 0x159e0000, 0x18de0000)
   the space 12288K,  13% used [0x14de0000, 0x14f7c5b0, 0x14f7c600, 0x159e0000)
No shared spaces configured.

Card table byte_map: [0x18de0000,0x18e90000] byte_map_base: 0x18db9100

Polling page: 0x01070000

Code Cache  [0x02d60000, 0x02df8000, 0x04d60000)
 total_blobs=129 nmethods=7 adapters=68 free_code_cache=32187Kb largest_free_block=32959488

Compilation events (10 events):
Event: 0.212 Thread 0x190ff000    3             java.lang.String::indexOf (70 bytes)
Event: 0.212 Thread 0x190ff000 nmethod 3 0x02df0408 code [0x02df0520, 0x02df066c]
Event: 0.212 Thread 0x190ff000    4             java.lang.Object::<init> (1 bytes)
Event: 0.212 Thread 0x190ff000 nmethod 4 0x02df07c8 code [0x02df08c0, 0x02df0950]
Event: 0.213 Thread 0x190ff000    5             java.lang.String::lastIndexOf (52 bytes)
Event: 0.213 Thread 0x190ff000 nmethod 5 0x02df09c8 code [0x02df0ad0, 0x02df0bec]
Event: 0.213 Thread 0x190ff000    6             java.lang.String::equals (81 bytes)
Event: 0.214 Thread 0x190ff000 nmethod 6 0x02df0cc8 code [0x02df0de0, 0x02df0f80]
Event: 0.217 Thread 0x190ff000    7             java.lang.AbstractStringBuilder::ensureCapacityInternal (16 bytes)
Event: 0.217 Thread 0x190ff000 nmethod 7 0x02df11c8 code [0x02df12d0, 0x02df138c]

GC Heap History (0 events):
No events

Deoptimization events (0 events):
No events

Internal exceptions (3 events):
Event: 0.029 Thread 0x02d5c400 Threw 0x04defc08 at C:\re\jdk7u45\229\hotspot\src\share\vm\prims\jni.cpp:3991
Event: 0.213 Thread 0x02d5c400 Threw 0x04e8c7e0 at C:\re\jdk7u45\229\hotspot\src\share\vm\prims\jvm.cpp:1244
Event: 10.163 Thread 0x02d5c400 Threw 0x04e91758 at C:\re\jdk7u45\229\hotspot\src\share\vm\interpreter\interpreterRuntime.cpp:347

Events (10 events):
Event: 38.121 Executing VM operation: GetCurrentLocation
Event: 38.121 Executing VM operation: GetCurrentLocation done
Event: 38.121 Executing VM operation: ChangeSingleStep
Event: 38.121 Executing VM operation: ChangeSingleStep done
Event: 38.121 Executing VM operation: ChangeSingleStep
Event: 38.121 Executing VM operation: ChangeSingleStep done
Event: 38.158 Executing VM operation: GetOrSetLocal
Event: 38.158 Executing VM operation: GetOrSetLocal done
Event: 38.336 Executing VM operation: GetOrSetLocal
Event: 38.336 Executing VM operation: GetOrSetLocal done


Dynamic libraries:
0x010c0000 - 0x010ef000 	C:\Program Files (x86)\Java\jdk1.7.0_45\bin\javaw.exe
0x77a70000 - 0x77beb000 	C:\WINDOWS\SYSTEM32\ntdll.dll
0x754b0000 - 0x75590000 	C:\WINDOWS\SYSTEM32\KERNEL32.DLL
0x778f0000 - 0x77a6e000 	C:\WINDOWS\SYSTEM32\KERNELBASE.dll
0x75680000 - 0x756fb000 	C:\WINDOWS\SYSTEM32\ADVAPI32.dll
0x75700000 - 0x757be000 	C:\WINDOWS\SYSTEM32\msvcrt.dll
0x75420000 - 0x75464000 	C:\WINDOWS\SYSTEM32\sechost.dll
0x75050000 - 0x750fd000 	C:\WINDOWS\SYSTEM32\RPCRT4.dll
0x74780000 - 0x7479e000 	C:\WINDOWS\SYSTEM32\SspiCli.dll
0x74770000 - 0x7477a000 	C:\WINDOWS\SYSTEM32\CRYPTBASE.dll
0x75180000 - 0x751d8000 	C:\WINDOWS\SYSTEM32\bcryptPrimitives.dll
0x77530000 - 0x77677000 	C:\WINDOWS\SYSTEM32\USER32.dll
0x74f00000 - 0x7504f000 	C:\WINDOWS\SYSTEM32\GDI32.dll
0x70400000 - 0x7060f000 	C:\WINDOWS\WinSxS\x86_microsoft.windows.common-controls_6595b64144ccf1df_6.0.10586.494_none_ea85e725b9ba5a4b\COMCTL32.dll
0x75850000 - 0x75a0d000 	C:\WINDOWS\SYSTEM32\combase.dll
0x75470000 - 0x7549b000 	C:\WINDOWS\SYSTEM32\IMM32.DLL
0x5eb60000 - 0x5ec1f000 	C:\Program Files (x86)\Java\jdk1.7.0_45\jre\bin\msvcr100.dll
0x54460000 - 0x547e0000 	C:\Program Files (x86)\Java\jdk1.7.0_45\jre\bin\client\jvm.dll
0x776b0000 - 0x776b6000 	C:\WINDOWS\SYSTEM32\PSAPI.DLL
0x6d3a0000 - 0x6d3a8000 	C:\WINDOWS\SYSTEM32\WSOCK32.dll
0x72e10000 - 0x72e34000 	C:\WINDOWS\SYSTEM32\WINMM.dll
0x75360000 - 0x753bf000 	C:\WINDOWS\SYSTEM32\WS2_32.dll
0x01030000 - 0x01053000 	C:\WINDOWS\SYSTEM32\WINMMBASE.dll
0x753c0000 - 0x753f7000 	C:\WINDOWS\SYSTEM32\cfgmgr32.dll
0x6ad80000 - 0x6ad8c000 	C:\Program Files (x86)\Java\jdk1.7.0_45\jre\bin\verify.dll
0x6ad30000 - 0x6ad50000 	C:\Program Files (x86)\Java\jdk1.7.0_45\jre\bin\java.dll
0x604a0000 - 0x604ca000 	C:\Program Files (x86)\Java\jdk1.7.0_45\jre\bin\jdwp.dll
0x6ad70000 - 0x6ad77000 	C:\Program Files (x86)\Java\jdk1.7.0_45\jre\bin\npt.dll
0x60480000 - 0x60493000 	C:\Program Files (x86)\Java\jdk1.7.0_45\jre\bin\zip.dll
0x5fb80000 - 0x5fb88000 	C:\Program Files (x86)\Java\jdk1.7.0_45\jre\bin\dt_socket.dll
0x73c60000 - 0x73c72000 	C:\WINDOWS\system32\napinsp.dll
0x73c40000 - 0x73c56000 	C:\WINDOWS\system32\pnrpnsp.dll
0x73bd0000 - 0x73be4000 	C:\WINDOWS\system32\NLAapi.dll
0x73b80000 - 0x73bcf000 	C:\WINDOWS\System32\mswsock.dll
0x73af0000 - 0x73b74000 	C:\WINDOWS\SYSTEM32\DNSAPI.dll
0x75400000 - 0x75407000 	C:\WINDOWS\SYSTEM32\NSI.dll
0x73ae0000 - 0x73aeb000 	C:\WINDOWS\System32\winrnr.dll
0x02d20000 - 0x02d42000 	C:\WINDOWS\system32\xunyount.dll
0x742c0000 - 0x742ef000 	C:\WINDOWS\SYSTEM32\iphlpapi.dll
0x74760000 - 0x74768000 	C:\WINDOWS\SYSTEM32\VERSION.dll
0x73ce0000 - 0x73cf4000 	C:\WINDOWS\SYSTEM32\dhcpcsvc.DLL
0x73ac0000 - 0x73ac8000 	C:\WINDOWS\system32\wshqos.dll
0x73ab0000 - 0x73ab7000 	C:\WINDOWS\SYSTEM32\wshtcpip.DLL
0x73aa0000 - 0x73aa7000 	C:\WINDOWS\SYSTEM32\wship6.dll
0x73bf0000 - 0x73c37000 	C:\WINDOWS\System32\fwpuclnt.dll
0x746d0000 - 0x746eb000 	C:\WINDOWS\SYSTEM32\bcrypt.dll
0x73ad0000 - 0x73ad8000 	C:\Windows\System32\rasadhlp.dll
0x72ff0000 - 0x7312f000 	C:\WINDOWS\SYSTEM32\dbghelp.dll

VM Arguments:
jvm_args: -agentlib:jdwp=transport=dt_socket,suspend=y,address=localhost:46360 -Dfile.encoding=UTF-8 
java_command: String.Solution52
Launcher Type: SUN_STANDARD

Environment Variables:
JAVA_HOME=C:\Program Files (x86)\Java\jdk1.7.0_45
CLASSPATH=.;C:\Program Files (x86)\Java\jdk1.7.0_45\lib;C:\Program Files (x86)\Java\jdk1.7.0_45\lib\tools.jar
PATH=C:/Program Files (x86)/Java/jre7/bin/client;C:/Program Files (x86)/Java/jre7/bin;C:/Program Files (x86)/Java/jre7/lib/i386;E:\app\HL\product\11.2.0\dbhome_1\bin;C:\WINDOWS\system32;C:\WINDOWS;C:\WINDOWS\System32\Wbem;C:\WINDOWS\System32\WindowsPowerShell\v1.0\;C:\Program Files (x86)\Java\jdk1.7.0_45\bin;C:\Program Files (x86)\Java\jdk1.7.0_45\jre\bin;C:\Program Files (x86)\Skype\Phone\;E:\gradle-2.9\bin;C:\Program Files (x86)\Microsoft SQL Server\100\Tools\Binn\;C:\Program Files\Microsoft SQL Server\100\Tools\Binn\;C:\Program Files\Microsoft SQL Server\100\DTS\Binn\;C:\Program Files (x86)\MySQL\MySQL Server 5.5\bin;E:\apache-maven-3.3.1/bin;;D:\eclipse;
USERNAME=HL
OS=Windows_NT
PROCESSOR_IDENTIFIER=Intel64 Family 6 Model 60 Stepping 3, GenuineIntel



---------------  S Y S T E M  ---------------

OS: Windows 8 , 64 bit Build 9200 

CPU:total 4 (4 cores per cpu, 1 threads per core) family 6 model 60 stepping 3, cmov, cx8, fxsr, mmx, sse, sse2, sse3, ssse3, sse4.1, sse4.2, popcnt, avx, avx2, aes, erms, tsc, tscinvbit

Memory: 4k page, physical 4086332k(636468k free), swap 11448252k(3605092k free)

vm_info: Java HotSpot(TM) Client VM (24.45-b08) for windows-x86 JRE (1.7.0_45-b18), built on Oct  8 2013 06:02:43 by "java_re" with unknown MS VC++:1600

time: Mon Aug 22 17:19:15 2016
elapsed time: 38 seconds

